[ 50%] [32mBuilding CXX object CMakeFiles/node.dir/src/node.cpp.o[0m
[01m[K/home/agnella/banyu/tugas1/src/pubsub/src/node.cpp:[m[K In member function â€˜[01m[Kfloat Publisher::change_axis(float, float, float, float, float)[m[Kâ€™:
[01m[K/home/agnella/banyu/tugas1/src/pubsub/src/node.cpp:23:20:[m[K [01;31m[Kerror: [m[Kâ€˜[01m[Kscaled[m[Kâ€™ was not declared in this scope; did you mean â€˜[01m[Kscalbn[m[Kâ€™?
   23 |         float b=a*([01;31m[Kscaled[m[K max-scaled min);
      |                    [01;31m[K^~~~~~[m[K
      |                    [32m[Kscalbn[m[K
[01m[K/home/agnella/banyu/tugas1/src/pubsub/src/node.cpp:23:27:[m[K [01;31m[Kerror: [m[Kexpected â€˜[01m[K)[m[Kâ€™ before â€˜[01m[Kmax[m[Kâ€™
   23 |         float b=a*(scaled [01;31m[Kmax[m[K-scaled min);
      |                           [01;31m[K^~~[m[K
[01m[K/home/agnella/banyu/tugas1/src/pubsub/src/node.cpp:23:19:[m[K [01;36m[Knote: [m[Kto match this â€˜[01m[K([m[Kâ€™
   23 |         float b=a*[01;36m[K([m[Kscaled max-scaled min);
      |                   [01;36m[K^[m[K
[01m[K/home/agnella/banyu/tugas1/src/pubsub/src/node.cpp:20:98:[m[K [01;35m[Kwarning: [m[Kunused parameter â€˜[01m[Kscaled_max[m[Kâ€™ [[01;35m[K]8;;https://gcc.gnu.org/onlinedocs/gcc/Warning-Options.html#index-Wunused-parameter-Wunused-parameter]8;;[m[K]
   20 |     float change_axis(float input, float initial_min, float initial_max, float scaled_min, [01;35m[Kfloat scaled_max[m[K)
      |                                                                                            [01;35m[K~~~~~~^~~~~~~~~~[m[K
[01m[K/home/agnella/banyu/tugas1/src/pubsub/src/node.cpp:[m[K In member function â€˜[01m[Kvoid Publisher::fungsi_subscribe(const Joy&)[m[Kâ€™:
[01m[K/home/agnella/banyu/tugas1/src/pubsub/src/node.cpp:33:15:[m[K [01;35m[Kwarning: [m[Kunused variable â€˜[01m[Kstick_y_right[m[Kâ€™ [[01;35m[K]8;;https://gcc.gnu.org/onlinedocs/gcc/Warning-Options.html#index-Wunused-variable-Wunused-variable]8;;[m[K]
   33 |         float [01;35m[Kstick_y_right[m[K=msg.axes[4];
      |               [01;35m[K^~~~~~~~~~~~~[m[K
[01m[K/home/agnella/banyu/tugas1/src/pubsub/src/node.cpp:34:15:[m[K [01;35m[Kwarning: [m[Kunused variable â€˜[01m[Kcrosskey_x[m[Kâ€™ [[01;35m[K]8;;https://gcc.gnu.org/onlinedocs/gcc/Warning-Options.html#index-Wunused-variable-Wunused-variable]8;;[m[K]
   34 |         float [01;35m[Kcrosskey_x[m[K=msg.axes[6];
      |               [01;35m[K^~~~~~~~~~[m[K
[01m[K/home/agnella/banyu/tugas1/src/pubsub/src/node.cpp:35:15:[m[K [01;35m[Kwarning: [m[Kunused variable â€˜[01m[Kcrosskey_y[m[Kâ€™ [[01;35m[K]8;;https://gcc.gnu.org/onlinedocs/gcc/Warning-Options.html#index-Wunused-variable-Wunused-variable]8;;[m[K]
   35 |         float [01;35m[Kcrosskey_y[m[K=msg.axes[7];
      |               [01;35m[K^~~~~~~~~~[m[K
[01m[K/home/agnella/banyu/tugas1/src/pubsub/src/node.cpp:37:15:[m[K [01;35m[Kwarning: [m[Kunused variable â€˜[01m[Krt[m[Kâ€™ [[01;35m[K]8;;https://gcc.gnu.org/onlinedocs/gcc/Warning-Options.html#index-Wunused-variable-Wunused-variable]8;;[m[K]
   37 |         float [01;35m[Krt[m[K=msg.axes[5];
      |               [01;35m[K^~[m[K
[01m[K/home/agnella/banyu/tugas1/src/pubsub/src/node.cpp:[m[K At global scope:
[01m[K/home/agnella/banyu/tugas1/src/pubsub/src/node.cpp:13:1:[m[K [01;31m[Kerror: [m[Kmultiple types in one declaration
   13 | [01;31m[Kvoid[m[K
      | [01;31m[K^~~~[m[K
[01m[K/home/agnella/banyu/tugas1/src/pubsub/src/node.cpp:59:2:[m[K [01;31m[Kerror: [m[Kdeclaration does not declare anything [[01;31m[K]8;;https://gcc.gnu.org/onlinedocs/gcc/Warning-Options.html#index-fpermissive-fpermissive]8;;[m[K]
   59 | }[01;31m[K;[m[K
      |  [01;31m[K^[m[K
gmake[2]: *** [CMakeFiles/node.dir/build.make:76: CMakeFiles/node.dir/src/node.cpp.o] Error 1
gmake[1]: *** [CMakeFiles/Makefile2:137: CMakeFiles/node.dir/all] Error 2
gmake: *** [Makefile:146: all] Error 2
