[0.024s] Invoking command in '/home/agnella/banyu/tugas1/build/pubsub': CMAKE_PREFIX_PATH=${CMAKE_PREFIX_PATH}:/opt/ros/humble /usr/bin/cmake --build /home/agnella/banyu/tugas1/build/pubsub -- -j4 -l4
[0.121s] [35m[1mConsolidate compiler generated dependencies of target node[0m
[0.224s] [ 50%] [32mBuilding CXX object CMakeFiles/node.dir/src/node.cpp.o[0m
[3.203s] [01m[K/home/agnella/banyu/tugas1/src/pubsub/src/node.cpp:[m[K In member function â€˜[01m[Kvoid Publisher::fungsi_subscribe(const Joy&)[m[Kâ€™:
[3.204s] [01m[K/home/agnella/banyu/tugas1/src/pubsub/src/node.cpp:33:15:[m[K [01;35m[Kwarning: [m[Kunused variable â€˜[01m[Kstick_y_right[m[Kâ€™ [[01;35m[K]8;;https://gcc.gnu.org/onlinedocs/gcc/Warning-Options.html#index-Wunused-variable-Wunused-variable]8;;[m[K]
[3.204s]    33 |         float [01;35m[Kstick_y_right[m[K=msg.axes[4];
[3.204s]       |               [01;35m[K^~~~~~~~~~~~~[m[K
[3.204s] [01m[K/home/agnella/banyu/tugas1/src/pubsub/src/node.cpp:34:15:[m[K [01;35m[Kwarning: [m[Kunused variable â€˜[01m[Kcrosskey_x[m[Kâ€™ [[01;35m[K]8;;https://gcc.gnu.org/onlinedocs/gcc/Warning-Options.html#index-Wunused-variable-Wunused-variable]8;;[m[K]
[3.204s]    34 |         float [01;35m[Kcrosskey_x[m[K=msg.axes[6];
[3.204s]       |               [01;35m[K^~~~~~~~~~[m[K
[3.204s] [01m[K/home/agnella/banyu/tugas1/src/pubsub/src/node.cpp:35:15:[m[K [01;35m[Kwarning: [m[Kunused variable â€˜[01m[Kcrosskey_y[m[Kâ€™ [[01;35m[K]8;;https://gcc.gnu.org/onlinedocs/gcc/Warning-Options.html#index-Wunused-variable-Wunused-variable]8;;[m[K]
[3.204s]    35 |         float [01;35m[Kcrosskey_y[m[K=msg.axes[7];
[3.204s]       |               [01;35m[K^~~~~~~~~~[m[K
[3.204s] [01m[K/home/agnella/banyu/tugas1/src/pubsub/src/node.cpp:37:15:[m[K [01;35m[Kwarning: [m[Kunused variable â€˜[01m[Krt[m[Kâ€™ [[01;35m[K]8;;https://gcc.gnu.org/onlinedocs/gcc/Warning-Options.html#index-Wunused-variable-Wunused-variable]8;;[m[K]
[3.204s]    37 |         float [01;35m[Krt[m[K=msg.axes[5];
[3.204s]       |               [01;35m[K^~[m[K
[3.212s] [01m[K/home/agnella/banyu/tugas1/src/pubsub/src/node.cpp:[m[K At global scope:
[3.212s] [01m[K/home/agnella/banyu/tugas1/src/pubsub/src/node.cpp:13:1:[m[K [01;31m[Kerror: [m[Kmultiple types in one declaration
[3.212s]    13 | [01;31m[Kvoid[m[K
[3.212s]       | [01;31m[K^~~~[m[K
[3.212s] [01m[K/home/agnella/banyu/tugas1/src/pubsub/src/node.cpp:59:2:[m[K [01;31m[Kerror: [m[Kdeclaration does not declare anything [[01;31m[K]8;;https://gcc.gnu.org/onlinedocs/gcc/Warning-Options.html#index-fpermissive-fpermissive]8;;[m[K]
[3.212s]    59 | }[01;31m[K;[m[K
[3.212s]       |  [01;31m[K^[m[K
[5.782s] gmake[2]: *** [CMakeFiles/node.dir/build.make:76: CMakeFiles/node.dir/src/node.cpp.o] Error 1
[5.782s] gmake[1]: *** [CMakeFiles/Makefile2:137: CMakeFiles/node.dir/all] Error 2
[5.783s] gmake: *** [Makefile:146: all] Error 2
[5.794s] Invoked command in '/home/agnella/banyu/tugas1/build/pubsub' returned '2': CMAKE_PREFIX_PATH=${CMAKE_PREFIX_PATH}:/opt/ros/humble /usr/bin/cmake --build /home/agnella/banyu/tugas1/build/pubsub -- -j4 -l4
